<?xml version="1.0" encoding="UTF-8"?>
<!-- Generated by org.testng.reporters.JUnitXMLReporter -->
<testsuite ignored="0" hostname="DESKTOP-O0FLLGE" failures="0" tests="5" name="Test1" time="43.592" errors="0" timestamp="2026-03-13T22:25:27 IST">
  <testcase classname="org.selnium.Testn" name="tc1" time="1.218"/>
  <testcase classname="org.selnium.Testg" name="tc1" time="0.804"/>
  <testcase classname="org.selnium.Testn" name="tc1" time="0.873"/>
  <testcase classname="org.selnium.Testg" name="tc1" time="1.015"/>
  <testcase classname="org.selnium.Testg" name="tc1" time="0.58"/>
</testsuite> <!-- Test1 -->
