<?xml version="1.0" encoding="UTF-8"?>
<testng-results ignored="0" total="2" passed="2" failed="0" skipped="0">
  <reporter-output>
  </reporter-output>
  <suite started-at="2026-03-14T15:52:29 IST" name="Default suite" finished-at="2026-03-14T15:52:41 IST" duration-ms="12144">
    <groups>
    </groups>
    <test started-at="2026-03-14T15:52:29 IST" name="Default test" finished-at="2026-03-14T15:52:41 IST" duration-ms="12144">
      <class name="org.selnium.Testn">
        <test-method is-config="true" signature="precondition()[pri:0, instance:org.selnium.Testn@2f4205be]" started-at="2026-03-14T15:52:29 IST" name="precondition" finished-at="2026-03-14T15:52:34 IST" duration-ms="5119" status="PASS">
          <reporter-output>
          </reporter-output>
        </test-method> <!-- precondition -->
        <test-method signature="tc1(java.lang.String,java.lang.String)[pri:0, instance:org.selnium.Testn@2f4205be]" started-at="2026-03-14T15:52:34 IST" name="tc1" data-provider="loginData" finished-at="2026-03-14T15:52:35 IST" duration-ms="588" status="PASS">
          <params>
            <param index="0">
              <value>
                <![CDATA[sai]]>
              </value>
            </param>
            <param index="1">
              <value>
                <![CDATA[pavan]]>
              </value>
            </param>
          </params>
          <reporter-output>
          </reporter-output>
        </test-method> <!-- tc1 -->
        <test-method is-config="true" signature="postcondition()[pri:0, instance:org.selnium.Testn@2f4205be]" started-at="2026-03-14T15:52:35 IST" name="postcondition" finished-at="2026-03-14T15:52:35 IST" duration-ms="10" status="PASS">
          <reporter-output>
          </reporter-output>
        </test-method> <!-- postcondition -->
        <test-method is-config="true" signature="precondition()[pri:0, instance:org.selnium.Testn@2f4205be]" started-at="2026-03-14T15:52:35 IST" name="precondition" finished-at="2026-03-14T15:52:40 IST" duration-ms="5337" status="PASS">
          <reporter-output>
          </reporter-output>
        </test-method> <!-- precondition -->
        <test-method signature="tc1(java.lang.String,java.lang.String)[pri:0, instance:org.selnium.Testn@2f4205be]" started-at="2026-03-14T15:52:40 IST" name="tc1" data-provider="loginData" finished-at="2026-03-14T15:52:41 IST" duration-ms="956" status="PASS">
          <params>
            <param index="0">
              <value>
                <![CDATA[kumar]]>
              </value>
            </param>
            <param index="1">
              <value>
                <![CDATA[valleti]]>
              </value>
            </param>
          </params>
          <reporter-output>
          </reporter-output>
        </test-method> <!-- tc1 -->
        <test-method is-config="true" signature="postcondition()[pri:0, instance:org.selnium.Testn@2f4205be]" started-at="2026-03-14T15:52:41 IST" name="postcondition" finished-at="2026-03-14T15:52:41 IST" duration-ms="2" status="PASS">
          <reporter-output>
          </reporter-output>
        </test-method> <!-- postcondition -->
      </class> <!-- org.selnium.Testn -->
    </test> <!-- Default test -->
  </suite> <!-- Default suite -->
</testng-results>
